Using pre-set license
Built from '2020.3/staging' branch; Version is '2020.3.4f1 (0abb6314276a) revision 703331'; Using compiler version '192528614'; Build Type 'Release'
OS: 'Windows 10 Education; OS build 19041.928; Version 2004; 64bit' Language: 'en' Physical Memory: 16333 MB
BatchMode: 1, IsHumanControllingUs: 0, StartBugReporterOnCrash: 0, Is64bit: 1, IsPro: 0

 COMMAND LINE ARGUMENTS:
C:\Program Files\Unity\Hub\Editor\2020.3.4f1\Editor\Unity.exe
-adb2
-batchMode
-noUpm
-name
AssetImportWorker0
-projectPath
C:/Users/Andrew/UnityBasics
-logFile
Logs/AssetImportWorker0.log
-srvPort
51492
Successfully changed project path to: C:/Users/Andrew/UnityBasics
C:/Users/Andrew/UnityBasics
Using Asset Import Pipeline V2.
Refreshing native plugins compatible for Editor in 25.09 ms, found 0 plugins.
Preloading 0 native plugins for Editor in 0.00 ms.
Initialize engine version: 2020.3.4f1 (0abb6314276a)
[Subsystems] Discovering subsystems at path C:/Program Files/Unity/Hub/Editor/2020.3.4f1/Editor/Data/Resources/UnitySubsystems
[Subsystems] Discovering subsystems at path C:/Users/Andrew/UnityBasics/Assets
GfxDevice: creating device client; threaded=0
Direct3D:
    Version:  Direct3D 11.0 [level 11.1]
    Renderer: NVIDIA GeForce RTX 2060 SUPER (ID=0x1f06)
    Vendor:   
    VRAM:     8031 MB
    Driver:   27.21.14.6079
Initialize mono
Mono path[0] = 'C:/Program Files/Unity/Hub/Editor/2020.3.4f1/Editor/Data/Managed'
Mono path[1] = 'C:/Program Files/Unity/Hub/Editor/2020.3.4f1/Editor/Data/MonoBleedingEdge/lib/mono/unityjit'
Mono config path = 'C:/Program Files/Unity/Hub/Editor/2020.3.4f1/Editor/Data/MonoBleedingEdge/etc'
Using monoOptions --debugger-agent=transport=dt_socket,embedding=1,server=y,suspend=n,address=127.0.0.1:56080
Begin MonoManager ReloadAssembly
Registering precompiled unity dll's ...
Register platform support module: C:/Program Files/Unity/Hub/Editor/2020.3.4f1/Editor/Data/PlaybackEngines/WebGLSupport/UnityEditor.WebGL.Extensions.dll
Register platform support module: C:/Program Files/Unity/Hub/Editor/2020.3.4f1/Editor/Data/PlaybackEngines/WindowsStandaloneSupport/UnityEditor.WindowsStandalone.Extensions.dll
Registered in 0.001970 seconds.
Native extension for WindowsStandalone target not found
Native extension for WebGL target not found
Refreshing native plugins compatible for Editor in 22.22 ms, found 0 plugins.
Preloading 0 native plugins for Editor in 0.00 ms.
Mono: successfully reloaded assembly
- Completed reload, in  0.985 seconds
Platform modules already initialized, skipping
Registering precompiled user dll's ...
Registered in 0.000470 seconds.
Begin MonoManager ReloadAssembly
Native extension for WindowsStandalone target not found
Native extension for WebGL target not found
Refreshing native plugins compatible for Editor in 0.21 ms, found 0 plugins.
Preloading 0 native plugins for Editor in 0.00 ms.
Mono: successfully reloaded assembly
- Completed reload, in  0.762 seconds
Platform modules already initialized, skipping
========================================================================
Worker process is ready to serve import requests
Launched and connected shader compiler UnityShaderCompiler.exe after 0.05 seconds
Refreshing native plugins compatible for Editor in 0.24 ms, found 0 plugins.
Preloading 0 native plugins for Editor in 0.00 ms.
Unloading 1117 Unused Serialized files (Serialized files now loaded: 0)
System memory in use before: 69.3 MB.
System memory in use after: 69.3 MB.

Unloading 9 unused Assets to reduce memory usage. Loaded Objects now: 1577.
Total: 1.525700 ms (FindLiveObjects: 0.161400 ms CreateObjectMapping: 0.027800 ms MarkObjects: 1.286400 ms  DeleteObjects: 0.049100 ms)

========================================================================
Received Import Request.
  path: Assets/Materials/Stone.mat
  artifactKey: Guid(cfdc69eb95957d443b0744124c3cc9f3) Importer(815301076,1909f56bfc062723c751e8b465ee728b)
Start importing Assets/Materials/Stone.mat using Guid(cfdc69eb95957d443b0744124c3cc9f3) Importer(815301076,1909f56bfc062723c751e8b465ee728b)  -> (artifact id: '50b28ca10bd97ab266120e6b5c7f9c04') in 0.212252 seconds
  Import took 0.214099 seconds .

========================================================================
Received Import Request.
  Time since last request: 58.480180 seconds.
  path: Assets/Prefabs/Stone.prefab
  artifactKey: Guid(c797fa875f802284a9463011241d332a) Importer(815301076,1909f56bfc062723c751e8b465ee728b)
Start importing Assets/Prefabs/Stone.prefab using Guid(c797fa875f802284a9463011241d332a) Importer(815301076,1909f56bfc062723c751e8b465ee728b)  -> (artifact id: '0346ad85943288fd7a93890c4b798f3f') in 0.030361 seconds
  Import took 0.032773 seconds .

========================================================================
Received Prepare
Registering precompiled user dll's ...
Registered in 0.000556 seconds.
Begin MonoManager ReloadAssembly
Native extension for WindowsStandalone target not found
Native extension for WebGL target not found
Refreshing native plugins compatible for Editor in 0.29 ms, found 0 plugins.
Preloading 0 native plugins for Editor in 0.00 ms.
Mono: successfully reloaded assembly
- Completed reload, in  0.719 seconds
Platform modules already initialized, skipping
Refreshing native plugins compatible for Editor in 0.24 ms, found 0 plugins.
Preloading 0 native plugins for Editor in 0.00 ms.
Unloading 1112 Unused Serialized files (Serialized files now loaded: 0)
System memory in use before: 72.6 MB.
System memory in use after: 72.7 MB.

Unloading 5 unused Assets to reduce memory usage. Loaded Objects now: 1621.
Total: 2.113900 ms (FindLiveObjects: 0.222600 ms CreateObjectMapping: 0.029700 ms MarkObjects: 1.800900 ms  DeleteObjects: 0.059200 ms)

========================================================================
Received Prepare
Registering precompiled user dll's ...
Registered in 0.000824 seconds.
Begin MonoManager ReloadAssembly
Native extension for WindowsStandalone target not found
Native extension for WebGL target not found
Refreshing native plugins compatible for Editor in 0.23 ms, found 0 plugins.
Preloading 0 native plugins for Editor in 0.00 ms.
Mono: successfully reloaded assembly
- Completed reload, in  0.695 seconds
Platform modules already initialized, skipping
Refreshing native plugins compatible for Editor in 0.33 ms, found 0 plugins.
Preloading 0 native plugins for Editor in 0.00 ms.
Unloading 1112 Unused Serialized files (Serialized files now loaded: 0)
System memory in use before: 72.7 MB.
System memory in use after: 72.7 MB.

Unloading 5 unused Assets to reduce memory usage. Loaded Objects now: 1624.
Total: 1.582000 ms (FindLiveObjects: 0.245900 ms CreateObjectMapping: 0.038600 ms MarkObjects: 1.248800 ms  DeleteObjects: 0.047600 ms)

========================================================================
Received Prepare
Registering precompiled user dll's ...
Registered in 0.000458 seconds.
Begin MonoManager ReloadAssembly
Native extension for WindowsStandalone target not found
Native extension for WebGL target not found
Refreshing native plugins compatible for Editor in 0.23 ms, found 0 plugins.
Preloading 0 native plugins for Editor in 0.00 ms.
Mono: successfully reloaded assembly
- Completed reload, in  0.665 seconds
Platform modules already initialized, skipping
Refreshing native plugins compatible for Editor in 0.21 ms, found 0 plugins.
Preloading 0 native plugins for Editor in 0.00 ms.
Unloading 1112 Unused Serialized files (Serialized files now loaded: 0)
System memory in use before: 72.7 MB.
System memory in use after: 72.7 MB.

Unloading 5 unused Assets to reduce memory usage. Loaded Objects now: 1627.
Total: 1.840300 ms (FindLiveObjects: 0.211400 ms CreateObjectMapping: 0.032500 ms MarkObjects: 1.543800 ms  DeleteObjects: 0.051300 ms)

========================================================================
Received Import Request.
  Time since last request: 1102.242461 seconds.
  path: Assets/Prefabs/New Prefab.prefab
  artifactKey: Guid(9b5b7a34a84257449adbabeae27fe0d5) Importer(815301076,1909f56bfc062723c751e8b465ee728b)
Start importing Assets/Prefabs/New Prefab.prefab using Guid(9b5b7a34a84257449adbabeae27fe0d5) Importer(815301076,1909f56bfc062723c751e8b465ee728b)  -> (artifact id: '0d474f3915622182441fc9eb46f87d90') in 0.025190 seconds
  Import took 0.028015 seconds .

========================================================================
Received Import Request.
  Time since last request: 3.126875 seconds.
  path: Assets/Prefabs/New Prefab.prefab
  artifactKey: Guid(9b5b7a34a84257449adbabeae27fe0d5) Importer(815301076,1909f56bfc062723c751e8b465ee728b)
Start importing Assets/Prefabs/New Prefab.prefab using Guid(9b5b7a34a84257449adbabeae27fe0d5) Importer(815301076,1909f56bfc062723c751e8b465ee728b)  -> (artifact id: '903fe596dbabfda35136906fdf80d12f') in 0.041363 seconds
  Import took 0.043381 seconds .

========================================================================
Received Import Request.
  Time since last request: 0.005728 seconds.
  path: Assets/Prefabs/New Prefab.prefab
  artifactKey: Guid(9b5b7a34a84257449adbabeae27fe0d5) Importer(815301076,1909f56bfc062723c751e8b465ee728b)
Start importing Assets/Prefabs/New Prefab.prefab using Guid(9b5b7a34a84257449adbabeae27fe0d5) Importer(815301076,1909f56bfc062723c751e8b465ee728b)  -> (artifact id: '903fe596dbabfda35136906fdf80d12f') in 0.007417 seconds
  Import took 0.009440 seconds .

========================================================================
Received Import Request.
  Time since last request: 7.155617 seconds.
  path: Assets/Prefabs/Slime.prefab
  artifactKey: Guid(9b5b7a34a84257449adbabeae27fe0d5) Importer(815301076,1909f56bfc062723c751e8b465ee728b)
Start importing Assets/Prefabs/Slime.prefab using Guid(9b5b7a34a84257449adbabeae27fe0d5) Importer(815301076,1909f56bfc062723c751e8b465ee728b)  -> (artifact id: 'e002231e953fa836963f31ca706e082a') in 0.010623 seconds
  Import took 0.013420 seconds .

========================================================================
Received Import Request.
  Time since last request: 0.005403 seconds.
  path: Assets/Prefabs/Slime.prefab
  artifactKey: Guid(9b5b7a34a84257449adbabeae27fe0d5) Importer(815301076,1909f56bfc062723c751e8b465ee728b)
Start importing Assets/Prefabs/Slime.prefab using Guid(9b5b7a34a84257449adbabeae27fe0d5) Importer(815301076,1909f56bfc062723c751e8b465ee728b)  -> (artifact id: 'e002231e953fa836963f31ca706e082a') in 0.005960 seconds
  Import took 0.007772 seconds .

========================================================================
Received Import Request.
  Time since last request: 19.584803 seconds.
  path: Assets/Materials/New Material.mat
  artifactKey: Guid(9f3f03b718cf93a48b783089f6bb7c8e) Importer(815301076,1909f56bfc062723c751e8b465ee728b)
Start importing Assets/Materials/New Material.mat using Guid(9f3f03b718cf93a48b783089f6bb7c8e) Importer(815301076,1909f56bfc062723c751e8b465ee728b)  -> (artifact id: 'a19da1ea061997078eb9e886dcd1b0a7') in 0.022007 seconds
  Import took 0.024140 seconds .

========================================================================
Received Import Request.
  Time since last request: 119.227744 seconds.
  path: Assets/Prefabs/Slime.prefab
  artifactKey: Guid(9b5b7a34a84257449adbabeae27fe0d5) Importer(815301076,1909f56bfc062723c751e8b465ee728b)
Start importing Assets/Prefabs/Slime.prefab using Guid(9b5b7a34a84257449adbabeae27fe0d5) Importer(815301076,1909f56bfc062723c751e8b465ee728b)  -> (artifact id: '699c6bf1b3b0e0d2761269215cc992ee') in 0.009994 seconds
  Import took 0.012367 seconds .

========================================================================
Received Import Request.
  Time since last request: 290.814311 seconds.
  path: Assets/Scripts/Player.cs
  artifactKey: Guid(ae6b26a942a9a20419048ed1a96d7ec3) Importer(815301076,1909f56bfc062723c751e8b465ee728b)
Start importing Assets/Scripts/Player.cs using Guid(ae6b26a942a9a20419048ed1a96d7ec3) Importer(815301076,1909f56bfc062723c751e8b465ee728b)  -> (artifact id: 'ef8a5bf07a8fca0e7f19c10a1bec7e5a') in 0.016218 seconds
  Import took 0.019122 seconds .

========================================================================
Received Prepare
Registering precompiled user dll's ...
Registered in 0.000677 seconds.
Begin MonoManager ReloadAssembly
Native extension for WindowsStandalone target not found
Native extension for WebGL target not found
Refreshing native plugins compatible for Editor in 0.30 ms, found 0 plugins.
Preloading 0 native plugins for Editor in 0.00 ms.
Mono: successfully reloaded assembly
- Completed reload, in  0.716 seconds
Platform modules already initialized, skipping
Refreshing native plugins compatible for Editor in 0.38 ms, found 0 plugins.
Preloading 0 native plugins for Editor in 0.00 ms.
Unloading 1112 Unused Serialized files (Serialized files now loaded: 0)
System memory in use before: 72.7 MB.
System memory in use after: 72.8 MB.

Unloading 5 unused Assets to reduce memory usage. Loaded Objects now: 1631.
Total: 1.526700 ms (FindLiveObjects: 0.165800 ms CreateObjectMapping: 0.026600 ms MarkObjects: 1.280900 ms  DeleteObjects: 0.052500 ms)

========================================================================
Received Import Request.
  Time since last request: 18.470022 seconds.
  path: Assets/Scripts/Player.cs
  artifactKey: Guid(ae6b26a942a9a20419048ed1a96d7ec3) Importer(815301076,1909f56bfc062723c751e8b465ee728b)
Start importing Assets/Scripts/Player.cs using Guid(ae6b26a942a9a20419048ed1a96d7ec3) Importer(815301076,1909f56bfc062723c751e8b465ee728b)  -> (artifact id: '3671a7ca0ad483248148c261a679cfb0') in 0.004572 seconds
  Import took 0.007470 seconds .

========================================================================
Received Import Request.
  Time since last request: 0.898390 seconds.
  path: Assets/Scripts/Player.cs
  artifactKey: Guid(ae6b26a942a9a20419048ed1a96d7ec3) Importer(815301076,1909f56bfc062723c751e8b465ee728b)
Start importing Assets/Scripts/Player.cs using Guid(ae6b26a942a9a20419048ed1a96d7ec3) Importer(815301076,1909f56bfc062723c751e8b465ee728b)  -> (artifact id: '3671a7ca0ad483248148c261a679cfb0') in 0.002078 seconds
  Import took 0.003942 seconds .

========================================================================
Received Prepare
Registering precompiled user dll's ...
Registered in 0.000724 seconds.
Begin MonoManager ReloadAssembly
Native extension for WindowsStandalone target not found
Native extension for WebGL target not found
Refreshing native plugins compatible for Editor in 0.30 ms, found 0 plugins.
Preloading 0 native plugins for Editor in 0.00 ms.
Mono: successfully reloaded assembly
- Completed reload, in  0.697 seconds
Platform modules already initialized, skipping
Refreshing native plugins compatible for Editor in 0.27 ms, found 0 plugins.
Preloading 0 native plugins for Editor in 0.00 ms.
Unloading 1112 Unused Serialized files (Serialized files now loaded: 0)
System memory in use before: 72.7 MB.
System memory in use after: 72.8 MB.

Unloading 5 unused Assets to reduce memory usage. Loaded Objects now: 1634.
Total: 1.686000 ms (FindLiveObjects: 0.174600 ms CreateObjectMapping: 0.027500 ms MarkObjects: 1.421200 ms  DeleteObjects: 0.061600 ms)

========================================================================
Received Import Request.
  Time since last request: 90.037614 seconds.
  path: Assets/Scripts/Player.cs
  artifactKey: Guid(ae6b26a942a9a20419048ed1a96d7ec3) Importer(815301076,1909f56bfc062723c751e8b465ee728b)
Start importing Assets/Scripts/Player.cs using Guid(ae6b26a942a9a20419048ed1a96d7ec3) Importer(815301076,1909f56bfc062723c751e8b465ee728b)  -> (artifact id: '8c3040edab6fdd41c9cdc10d8caadbbb') in 0.003800 seconds
  Import took 0.006069 seconds .

========================================================================
Received Import Request.
  Time since last request: 1.367153 seconds.
  path: Assets/Scripts/Player.cs
  artifactKey: Guid(ae6b26a942a9a20419048ed1a96d7ec3) Importer(815301076,1909f56bfc062723c751e8b465ee728b)
Start importing Assets/Scripts/Player.cs using Guid(ae6b26a942a9a20419048ed1a96d7ec3) Importer(815301076,1909f56bfc062723c751e8b465ee728b)  -> (artifact id: '8c3040edab6fdd41c9cdc10d8caadbbb') in 0.002256 seconds
  Import took 0.004110 seconds .

========================================================================
Received Prepare
Registering precompiled user dll's ...
Registered in 0.000605 seconds.
Begin MonoManager ReloadAssembly
Native extension for WindowsStandalone target not found
Native extension for WebGL target not found
Refreshing native plugins compatible for Editor in 0.31 ms, found 0 plugins.
Preloading 0 native plugins for Editor in 0.00 ms.
Mono: successfully reloaded assembly
- Completed reload, in  0.753 seconds
Platform modules already initialized, skipping
Refreshing native plugins compatible for Editor in 0.21 ms, found 0 plugins.
Preloading 0 native plugins for Editor in 0.00 ms.
Unloading 1112 Unused Serialized files (Serialized files now loaded: 0)
System memory in use before: 72.7 MB.
System memory in use after: 72.8 MB.

Unloading 5 unused Assets to reduce memory usage. Loaded Objects now: 1637.
Total: 1.478000 ms (FindLiveObjects: 0.160400 ms CreateObjectMapping: 0.026100 ms MarkObjects: 1.232700 ms  DeleteObjects: 0.057600 ms)

========================================================================
Received Import Request.
  Time since last request: 112.809615 seconds.
  path: Assets/Scripts/Player.cs
  artifactKey: Guid(ae6b26a942a9a20419048ed1a96d7ec3) Importer(815301076,1909f56bfc062723c751e8b465ee728b)
Start importing Assets/Scripts/Player.cs using Guid(ae6b26a942a9a20419048ed1a96d7ec3) Importer(815301076,1909f56bfc062723c751e8b465ee728b)  -> (artifact id: '33ceb3993ba802953f79a45e5e9c54a0') in 0.006743 seconds
  Import took 0.009520 seconds .

========================================================================
Received Import Request.
  Time since last request: 1.487585 seconds.
  path: Assets/Scripts/Player.cs
  artifactKey: Guid(ae6b26a942a9a20419048ed1a96d7ec3) Importer(815301076,1909f56bfc062723c751e8b465ee728b)
Start importing Assets/Scripts/Player.cs using Guid(ae6b26a942a9a20419048ed1a96d7ec3) Importer(815301076,1909f56bfc062723c751e8b465ee728b)  -> (artifact id: '33ceb3993ba802953f79a45e5e9c54a0') in 0.002101 seconds
  Import took 0.004109 seconds .

========================================================================
Received Prepare
Registering precompiled user dll's ...
Registered in 0.000827 seconds.
Begin MonoManager ReloadAssembly
Native extension for WindowsStandalone target not found
Native extension for WebGL target not found
Refreshing native plugins compatible for Editor in 0.26 ms, found 0 plugins.
Preloading 0 native plugins for Editor in 0.00 ms.
Mono: successfully reloaded assembly
- Completed reload, in  0.890 seconds
Platform modules already initialized, skipping
Refreshing native plugins compatible for Editor in 0.40 ms, found 0 plugins.
Preloading 0 native plugins for Editor in 0.00 ms.
Unloading 1112 Unused Serialized files (Serialized files now loaded: 0)
System memory in use before: 72.7 MB.
System memory in use after: 72.8 MB.

Unloading 5 unused Assets to reduce memory usage. Loaded Objects now: 1640.
Total: 2.513900 ms (FindLiveObjects: 0.351800 ms CreateObjectMapping: 0.044800 ms MarkObjects: 2.018300 ms  DeleteObjects: 0.097200 ms)

========================================================================
Received Prepare
Registering precompiled user dll's ...
Registered in 0.000559 seconds.
Begin MonoManager ReloadAssembly
Native extension for WindowsStandalone target not found
Native extension for WebGL target not found
Refreshing native plugins compatible for Editor in 0.29 ms, found 0 plugins.
Preloading 0 native plugins for Editor in 0.00 ms.
Mono: successfully reloaded assembly
- Completed reload, in  0.671 seconds
Platform modules already initialized, skipping
Refreshing native plugins compatible for Editor in 0.23 ms, found 0 plugins.
Preloading 0 native plugins for Editor in 0.00 ms.
Unloading 1112 Unused Serialized files (Serialized files now loaded: 0)
System memory in use before: 72.7 MB.
System memory in use after: 72.8 MB.

Unloading 5 unused Assets to reduce memory usage. Loaded Objects now: 1643.
Total: 1.596500 ms (FindLiveObjects: 0.192200 ms CreateObjectMapping: 0.028000 ms MarkObjects: 1.324900 ms  DeleteObjects: 0.050300 ms)

========================================================================
Received Prepare
Registering precompiled user dll's ...
Registered in 0.000572 seconds.
Begin MonoManager ReloadAssembly
Native extension for WindowsStandalone target not found
Native extension for WebGL target not found
Refreshing native plugins compatible for Editor in 0.21 ms, found 0 plugins.
Preloading 0 native plugins for Editor in 0.00 ms.
Mono: successfully reloaded assembly
- Completed reload, in  0.701 seconds
Platform modules already initialized, skipping
Refreshing native plugins compatible for Editor in 0.20 ms, found 0 plugins.
Preloading 0 native plugins for Editor in 0.00 ms.
Unloading 1112 Unused Serialized files (Serialized files now loaded: 0)
System memory in use before: 72.8 MB.
System memory in use after: 72.9 MB.

Unloading 5 unused Assets to reduce memory usage. Loaded Objects now: 1646.
Total: 2.003600 ms (FindLiveObjects: 0.314200 ms CreateObjectMapping: 0.042700 ms MarkObjects: 1.588900 ms  DeleteObjects: 0.056300 ms)

========================================================================
Received Prepare
Registering precompiled user dll's ...
Registered in 0.000689 seconds.
Begin MonoManager ReloadAssembly
Native extension for WindowsStandalone target not found
Native extension for WebGL target not found
Refreshing native plugins compatible for Editor in 0.25 ms, found 0 plugins.
Preloading 0 native plugins for Editor in 0.00 ms.
Mono: successfully reloaded assembly
- Completed reload, in  0.700 seconds
Platform modules already initialized, skipping
Refreshing native plugins compatible for Editor in 0.21 ms, found 0 plugins.
Preloading 0 native plugins for Editor in 0.00 ms.
Unloading 1112 Unused Serialized files (Serialized files now loaded: 0)
System memory in use before: 72.8 MB.
System memory in use after: 72.9 MB.

Unloading 5 unused Assets to reduce memory usage. Loaded Objects now: 1649.
Total: 1.495700 ms (FindLiveObjects: 0.177200 ms CreateObjectMapping: 0.025300 ms MarkObjects: 1.241500 ms  DeleteObjects: 0.050500 ms)

========================================================================
Received Prepare
Registering precompiled user dll's ...
Registered in 0.001312 seconds.
Begin MonoManager ReloadAssembly
Native extension for WindowsStandalone target not found
Native extension for WebGL target not found
Refreshing native plugins compatible for Editor in 0.21 ms, found 0 plugins.
Preloading 0 native plugins for Editor in 0.00 ms.
Mono: successfully reloaded assembly
- Completed reload, in  0.712 seconds
Platform modules already initialized, skipping
Refreshing native plugins compatible for Editor in 0.21 ms, found 0 plugins.
Preloading 0 native plugins for Editor in 0.00 ms.
Unloading 1112 Unused Serialized files (Serialized files now loaded: 0)
System memory in use before: 72.8 MB.
System memory in use after: 72.9 MB.

Unloading 5 unused Assets to reduce memory usage. Loaded Objects now: 1652.
Total: 1.639000 ms (FindLiveObjects: 0.176800 ms CreateObjectMapping: 0.032300 ms MarkObjects: 1.373000 ms  DeleteObjects: 0.056100 ms)

========================================================================
Received Import Request.
  Time since last request: 3741.557603 seconds.
  path: Assets/Scenes/SampleScene.unity
  artifactKey: Guid(9fc0d4010bbf28b4594072e72b8655ab) Importer(815301076,1909f56bfc062723c751e8b465ee728b)
Start importing Assets/Scenes/SampleScene.unity using Guid(9fc0d4010bbf28b4594072e72b8655ab) Importer(815301076,1909f56bfc062723c751e8b465ee728b)  -> (artifact id: '034895d1508de34be3e2b4152e863390') in 0.016277 seconds
  Import took 0.018576 seconds .

AssetImportWorkerClient::OnTransportError - code=2 error=End of file
