Using pre-set license
Built from '2020.3/staging' branch; Version is '2020.3.4f1 (0abb6314276a) revision 703331'; Using compiler version '192528614'; Build Type 'Release'
OS: 'Windows 10 Education; OS build 19041.928; Version 2004; 64bit' Language: 'en' Physical Memory: 16333 MB
BatchMode: 1, IsHumanControllingUs: 0, StartBugReporterOnCrash: 0, Is64bit: 1, IsPro: 0

 COMMAND LINE ARGUMENTS:
C:\Program Files\Unity\Hub\Editor\2020.3.4f1\Editor\Unity.exe
-adb2
-batchMode
-noUpm
-name
AssetImportWorker0
-projectPath
C:/Users/Andrew/UnityBasics
-logFile
Logs/AssetImportWorker0.log
-srvPort
61756
Successfully changed project path to: C:/Users/Andrew/UnityBasics
C:/Users/Andrew/UnityBasics
Using Asset Import Pipeline V2.
Refreshing native plugins compatible for Editor in 25.61 ms, found 0 plugins.
Preloading 0 native plugins for Editor in 0.00 ms.
Initialize engine version: 2020.3.4f1 (0abb6314276a)
[Subsystems] Discovering subsystems at path C:/Program Files/Unity/Hub/Editor/2020.3.4f1/Editor/Data/Resources/UnitySubsystems
[Subsystems] Discovering subsystems at path C:/Users/Andrew/UnityBasics/Assets
GfxDevice: creating device client; threaded=0
Direct3D:
    Version:  Direct3D 11.0 [level 11.1]
    Renderer: NVIDIA GeForce RTX 2060 SUPER (ID=0x1f06)
    Vendor:   
    VRAM:     8031 MB
    Driver:   27.21.14.6079
Initialize mono
Mono path[0] = 'C:/Program Files/Unity/Hub/Editor/2020.3.4f1/Editor/Data/Managed'
Mono path[1] = 'C:/Program Files/Unity/Hub/Editor/2020.3.4f1/Editor/Data/MonoBleedingEdge/lib/mono/unityjit'
Mono config path = 'C:/Program Files/Unity/Hub/Editor/2020.3.4f1/Editor/Data/MonoBleedingEdge/etc'
Using monoOptions --debugger-agent=transport=dt_socket,embedding=1,server=y,suspend=n,address=127.0.0.1:56016
Begin MonoManager ReloadAssembly
Registering precompiled unity dll's ...
Register platform support module: C:/Program Files/Unity/Hub/Editor/2020.3.4f1/Editor/Data/PlaybackEngines/WebGLSupport/UnityEditor.WebGL.Extensions.dll
Register platform support module: C:/Program Files/Unity/Hub/Editor/2020.3.4f1/Editor/Data/PlaybackEngines/WindowsStandaloneSupport/UnityEditor.WindowsStandalone.Extensions.dll
Registered in 0.002057 seconds.
Native extension for WindowsStandalone target not found
Native extension for WebGL target not found
Refreshing native plugins compatible for Editor in 24.44 ms, found 0 plugins.
Preloading 0 native plugins for Editor in 0.00 ms.
Mono: successfully reloaded assembly
- Completed reload, in  1.131 seconds
Platform modules already initialized, skipping
Registering precompiled user dll's ...
Registered in 0.001025 seconds.
Begin MonoManager ReloadAssembly
Native extension for WindowsStandalone target not found
Native extension for WebGL target not found
Refreshing native plugins compatible for Editor in 0.43 ms, found 0 plugins.
Preloading 0 native plugins for Editor in 0.00 ms.
Mono: successfully reloaded assembly
- Completed reload, in  1.276 seconds
Platform modules already initialized, skipping
========================================================================
Worker process is ready to serve import requests
Launched and connected shader compiler UnityShaderCompiler.exe after 0.06 seconds
Refreshing native plugins compatible for Editor in 0.22 ms, found 0 plugins.
Preloading 0 native plugins for Editor in 0.00 ms.
Unloading 1117 Unused Serialized files (Serialized files now loaded: 0)
System memory in use before: 69.3 MB.
System memory in use after: 69.3 MB.

Unloading 9 unused Assets to reduce memory usage. Loaded Objects now: 1577.
Total: 2.573100 ms (FindLiveObjects: 0.322900 ms CreateObjectMapping: 0.054600 ms MarkObjects: 2.053200 ms  DeleteObjects: 0.138500 ms)

========================================================================
Received Import Request.
  path: Assets/Scripts/Player.cs
  artifactKey: Guid(ae6b26a942a9a20419048ed1a96d7ec3) Importer(815301076,1909f56bfc062723c751e8b465ee728b)
Start importing Assets/Scripts/Player.cs using Guid(ae6b26a942a9a20419048ed1a96d7ec3) Importer(815301076,1909f56bfc062723c751e8b465ee728b)  -> (artifact id: '42d17cf53dde5c8f6f7b50ab184b7402') in 0.024753 seconds
  Import took 0.026978 seconds .

========================================================================
Received Prepare
Refreshing native plugins compatible for Editor in 1.20 ms, found 0 plugins.
Preloading 0 native plugins for Editor in 0.00 ms.
Unloading 3 Unused Serialized files (Serialized files now loaded: 0)
System memory in use before: 47.1 MB.
System memory in use after: 47.2 MB.

Unloading 3 unused Assets to reduce memory usage. Loaded Objects now: 1577.
Total: 5.785300 ms (FindLiveObjects: 2.082000 ms CreateObjectMapping: 0.150400 ms MarkObjects: 3.474900 ms  DeleteObjects: 0.075200 ms)

========================================================================
Received Prepare
Registering precompiled user dll's ...
Registered in 0.000542 seconds.
Begin MonoManager ReloadAssembly
Native extension for WindowsStandalone target not found
Native extension for WebGL target not found
Refreshing native plugins compatible for Editor in 0.23 ms, found 0 plugins.
Preloading 0 native plugins for Editor in 0.00 ms.
Mono: successfully reloaded assembly
- Completed reload, in  0.682 seconds
Platform modules already initialized, skipping
Refreshing native plugins compatible for Editor in 0.24 ms, found 0 plugins.
Preloading 0 native plugins for Editor in 0.00 ms.
Unloading 1112 Unused Serialized files (Serialized files now loaded: 0)
System memory in use before: 69.3 MB.
System memory in use after: 69.4 MB.

Unloading 5 unused Assets to reduce memory usage. Loaded Objects now: 1580.
Total: 1.592200 ms (FindLiveObjects: 0.171500 ms CreateObjectMapping: 0.027800 ms MarkObjects: 1.334500 ms  DeleteObjects: 0.057700 ms)

========================================================================
Received Prepare
Registering precompiled user dll's ...
Registered in 0.000896 seconds.
Begin MonoManager ReloadAssembly
Native extension for WindowsStandalone target not found
Native extension for WebGL target not found
Refreshing native plugins compatible for Editor in 0.22 ms, found 0 plugins.
Preloading 0 native plugins for Editor in 0.00 ms.
Mono: successfully reloaded assembly
- Completed reload, in  0.697 seconds
Platform modules already initialized, skipping
Refreshing native plugins compatible for Editor in 0.26 ms, found 0 plugins.
Preloading 0 native plugins for Editor in 0.00 ms.
Unloading 1112 Unused Serialized files (Serialized files now loaded: 0)
System memory in use before: 69.3 MB.
System memory in use after: 69.4 MB.

Unloading 5 unused Assets to reduce memory usage. Loaded Objects now: 1583.
Total: 1.427400 ms (FindLiveObjects: 0.148300 ms CreateObjectMapping: 0.027200 ms MarkObjects: 1.203500 ms  DeleteObjects: 0.047400 ms)

========================================================================
Received Prepare
Registering precompiled user dll's ...
Registered in 0.000952 seconds.
Begin MonoManager ReloadAssembly
Native extension for WindowsStandalone target not found
Native extension for WebGL target not found
Refreshing native plugins compatible for Editor in 0.20 ms, found 0 plugins.
Preloading 0 native plugins for Editor in 0.00 ms.
Mono: successfully reloaded assembly
- Completed reload, in  0.671 seconds
Platform modules already initialized, skipping
Refreshing native plugins compatible for Editor in 0.21 ms, found 0 plugins.
Preloading 0 native plugins for Editor in 0.00 ms.
Unloading 1112 Unused Serialized files (Serialized files now loaded: 0)
System memory in use before: 69.3 MB.
System memory in use after: 69.4 MB.

Unloading 5 unused Assets to reduce memory usage. Loaded Objects now: 1586.
Total: 1.516700 ms (FindLiveObjects: 0.163000 ms CreateObjectMapping: 0.031600 ms MarkObjects: 1.269900 ms  DeleteObjects: 0.051100 ms)

========================================================================
Received Prepare
Registering precompiled user dll's ...
Registered in 0.000832 seconds.
Begin MonoManager ReloadAssembly
Native extension for WindowsStandalone target not found
Native extension for WebGL target not found
Refreshing native plugins compatible for Editor in 0.30 ms, found 0 plugins.
Preloading 0 native plugins for Editor in 0.00 ms.
Mono: successfully reloaded assembly
- Completed reload, in  0.699 seconds
Platform modules already initialized, skipping
Refreshing native plugins compatible for Editor in 0.39 ms, found 0 plugins.
Preloading 0 native plugins for Editor in 0.00 ms.
Unloading 1112 Unused Serialized files (Serialized files now loaded: 0)
System memory in use before: 69.4 MB.
System memory in use after: 69.4 MB.

Unloading 5 unused Assets to reduce memory usage. Loaded Objects now: 1589.
Total: 1.636500 ms (FindLiveObjects: 0.220000 ms CreateObjectMapping: 0.038400 ms MarkObjects: 1.323700 ms  DeleteObjects: 0.053200 ms)

========================================================================
Received Import Request.
  Time since last request: 608.369378 seconds.
  path: Assets/Scripts/Player.cs
  artifactKey: Guid(ae6b26a942a9a20419048ed1a96d7ec3) Importer(815301076,1909f56bfc062723c751e8b465ee728b)
Start importing Assets/Scripts/Player.cs using Guid(ae6b26a942a9a20419048ed1a96d7ec3) Importer(815301076,1909f56bfc062723c751e8b465ee728b)  -> (artifact id: 'fae41bf63af309c44e5b38103c89912c') in 0.006604 seconds
  Import took 0.008905 seconds .

========================================================================
Received Import Request.
  Time since last request: 0.835936 seconds.
  path: Assets/Scripts/Player.cs
  artifactKey: Guid(ae6b26a942a9a20419048ed1a96d7ec3) Importer(815301076,1909f56bfc062723c751e8b465ee728b)
Start importing Assets/Scripts/Player.cs using Guid(ae6b26a942a9a20419048ed1a96d7ec3) Importer(815301076,1909f56bfc062723c751e8b465ee728b)  -> (artifact id: 'fae41bf63af309c44e5b38103c89912c') in 0.001656 seconds
  Import took 0.003257 seconds .

========================================================================
Received Prepare
Registering precompiled user dll's ...
Registered in 0.000719 seconds.
Begin MonoManager ReloadAssembly
Native extension for WindowsStandalone target not found
Native extension for WebGL target not found
Refreshing native plugins compatible for Editor in 0.21 ms, found 0 plugins.
Preloading 0 native plugins for Editor in 0.00 ms.
Mono: successfully reloaded assembly
- Completed reload, in  0.666 seconds
Platform modules already initialized, skipping
Refreshing native plugins compatible for Editor in 0.20 ms, found 0 plugins.
Preloading 0 native plugins for Editor in 0.00 ms.
Unloading 1112 Unused Serialized files (Serialized files now loaded: 0)
System memory in use before: 69.4 MB.
System memory in use after: 69.4 MB.

Unloading 5 unused Assets to reduce memory usage. Loaded Objects now: 1592.
Total: 2.202700 ms (FindLiveObjects: 0.172300 ms CreateObjectMapping: 0.027600 ms MarkObjects: 1.944400 ms  DeleteObjects: 0.056700 ms)

========================================================================
Received Prepare
Registering precompiled user dll's ...
Registered in 0.000450 seconds.
Begin MonoManager ReloadAssembly
Native extension for WindowsStandalone target not found
Native extension for WebGL target not found
Refreshing native plugins compatible for Editor in 0.21 ms, found 0 plugins.
Preloading 0 native plugins for Editor in 0.00 ms.
Mono: successfully reloaded assembly
- Completed reload, in  0.714 seconds
Platform modules already initialized, skipping
Refreshing native plugins compatible for Editor in 0.23 ms, found 0 plugins.
Preloading 0 native plugins for Editor in 0.00 ms.
Unloading 1112 Unused Serialized files (Serialized files now loaded: 0)
System memory in use before: 69.4 MB.
System memory in use after: 69.5 MB.

Unloading 5 unused Assets to reduce memory usage. Loaded Objects now: 1595.
Total: 1.431500 ms (FindLiveObjects: 0.148800 ms CreateObjectMapping: 0.026500 ms MarkObjects: 1.212600 ms  DeleteObjects: 0.043100 ms)

========================================================================
Received Prepare
Registering precompiled user dll's ...
Registered in 0.000544 seconds.
Begin MonoManager ReloadAssembly
Native extension for WindowsStandalone target not found
Native extension for WebGL target not found
Refreshing native plugins compatible for Editor in 0.22 ms, found 0 plugins.
Preloading 0 native plugins for Editor in 0.00 ms.
Mono: successfully reloaded assembly
- Completed reload, in  0.706 seconds
Platform modules already initialized, skipping
Refreshing native plugins compatible for Editor in 0.42 ms, found 0 plugins.
Preloading 0 native plugins for Editor in 0.00 ms.
Unloading 1112 Unused Serialized files (Serialized files now loaded: 0)
System memory in use before: 69.4 MB.
System memory in use after: 69.5 MB.

Unloading 5 unused Assets to reduce memory usage. Loaded Objects now: 1598.
Total: 1.602000 ms (FindLiveObjects: 0.187500 ms CreateObjectMapping: 0.029000 ms MarkObjects: 1.335200 ms  DeleteObjects: 0.049200 ms)

========================================================================
Received Import Request.
  Time since last request: 251.440124 seconds.
  path: Assets/Scripts/Player.cs
  artifactKey: Guid(ae6b26a942a9a20419048ed1a96d7ec3) Importer(815301076,1909f56bfc062723c751e8b465ee728b)
Start importing Assets/Scripts/Player.cs using Guid(ae6b26a942a9a20419048ed1a96d7ec3) Importer(815301076,1909f56bfc062723c751e8b465ee728b)  -> (artifact id: '7bd3698486236d4ca8ec11c65f1de6a2') in 0.006403 seconds
  Import took 0.010006 seconds .

========================================================================
Received Import Request.
  Time since last request: 0.865884 seconds.
  path: Assets/Scripts/Player.cs
  artifactKey: Guid(ae6b26a942a9a20419048ed1a96d7ec3) Importer(815301076,1909f56bfc062723c751e8b465ee728b)
Start importing Assets/Scripts/Player.cs using Guid(ae6b26a942a9a20419048ed1a96d7ec3) Importer(815301076,1909f56bfc062723c751e8b465ee728b)  -> (artifact id: '7bd3698486236d4ca8ec11c65f1de6a2') in 0.002010 seconds
  Import took 0.003665 seconds .

========================================================================
Received Prepare
Registering precompiled user dll's ...
Registered in 0.000802 seconds.
Begin MonoManager ReloadAssembly
Native extension for WindowsStandalone target not found
Native extension for WebGL target not found
Refreshing native plugins compatible for Editor in 0.21 ms, found 0 plugins.
Preloading 0 native plugins for Editor in 0.00 ms.
Mono: successfully reloaded assembly
- Completed reload, in  0.650 seconds
Platform modules already initialized, skipping
Refreshing native plugins compatible for Editor in 0.23 ms, found 0 plugins.
Preloading 0 native plugins for Editor in 0.00 ms.
Unloading 1112 Unused Serialized files (Serialized files now loaded: 0)
System memory in use before: 69.4 MB.
System memory in use after: 69.5 MB.

Unloading 5 unused Assets to reduce memory usage. Loaded Objects now: 1601.
Total: 1.519500 ms (FindLiveObjects: 0.169700 ms CreateObjectMapping: 0.026100 ms MarkObjects: 1.270800 ms  DeleteObjects: 0.051500 ms)

========================================================================
Received Prepare
Registering precompiled user dll's ...
Registered in 0.000824 seconds.
Begin MonoManager ReloadAssembly
Native extension for WindowsStandalone target not found
Native extension for WebGL target not found
Refreshing native plugins compatible for Editor in 0.21 ms, found 0 plugins.
Preloading 0 native plugins for Editor in 0.00 ms.
Mono: successfully reloaded assembly
- Completed reload, in  0.684 seconds
Platform modules already initialized, skipping
Refreshing native plugins compatible for Editor in 0.21 ms, found 0 plugins.
Preloading 0 native plugins for Editor in 0.00 ms.
Unloading 1112 Unused Serialized files (Serialized files now loaded: 0)
System memory in use before: 69.4 MB.
System memory in use after: 69.5 MB.

Unloading 5 unused Assets to reduce memory usage. Loaded Objects now: 1604.
Total: 2.289700 ms (FindLiveObjects: 0.168100 ms CreateObjectMapping: 0.027500 ms MarkObjects: 2.021200 ms  DeleteObjects: 0.071300 ms)

========================================================================
Received Import Request.
  Time since last request: 113.728370 seconds.
  path: Assets/Scripts/Player.cs
  artifactKey: Guid(ae6b26a942a9a20419048ed1a96d7ec3) Importer(815301076,1909f56bfc062723c751e8b465ee728b)
Start importing Assets/Scripts/Player.cs using Guid(ae6b26a942a9a20419048ed1a96d7ec3) Importer(815301076,1909f56bfc062723c751e8b465ee728b)  -> (artifact id: 'a4727e9eb5a5b86392a738dcb80bc11d') in 0.006191 seconds
  Import took 0.008013 seconds .

========================================================================
Received Import Request.
  Time since last request: 0.998494 seconds.
  path: Assets/Scripts/Player.cs
  artifactKey: Guid(ae6b26a942a9a20419048ed1a96d7ec3) Importer(815301076,1909f56bfc062723c751e8b465ee728b)
Start importing Assets/Scripts/Player.cs using Guid(ae6b26a942a9a20419048ed1a96d7ec3) Importer(815301076,1909f56bfc062723c751e8b465ee728b)  -> (artifact id: 'a4727e9eb5a5b86392a738dcb80bc11d') in 0.001981 seconds
  Import took 0.003629 seconds .

========================================================================
Received Prepare
Registering precompiled user dll's ...
Registered in 0.000656 seconds.
Begin MonoManager ReloadAssembly
Native extension for WindowsStandalone target not found
Native extension for WebGL target not found
Refreshing native plugins compatible for Editor in 0.26 ms, found 0 plugins.
Preloading 0 native plugins for Editor in 0.00 ms.
Mono: successfully reloaded assembly
- Completed reload, in  0.721 seconds
Platform modules already initialized, skipping
Refreshing native plugins compatible for Editor in 0.22 ms, found 0 plugins.
Preloading 0 native plugins for Editor in 0.00 ms.
Unloading 1112 Unused Serialized files (Serialized files now loaded: 0)
System memory in use before: 69.4 MB.
System memory in use after: 69.5 MB.

Unloading 5 unused Assets to reduce memory usage. Loaded Objects now: 1607.
Total: 1.805400 ms (FindLiveObjects: 0.156100 ms CreateObjectMapping: 0.026700 ms MarkObjects: 1.563500 ms  DeleteObjects: 0.057900 ms)

========================================================================
Received Prepare
Registering precompiled user dll's ...
Registered in 0.000583 seconds.
Begin MonoManager ReloadAssembly
Native extension for WindowsStandalone target not found
Native extension for WebGL target not found
Refreshing native plugins compatible for Editor in 0.21 ms, found 0 plugins.
Preloading 0 native plugins for Editor in 0.00 ms.
Mono: successfully reloaded assembly
- Completed reload, in  0.737 seconds
Platform modules already initialized, skipping
Refreshing native plugins compatible for Editor in 0.20 ms, found 0 plugins.
Preloading 0 native plugins for Editor in 0.00 ms.
Unloading 1112 Unused Serialized files (Serialized files now loaded: 0)
System memory in use before: 69.4 MB.
System memory in use after: 69.5 MB.

Unloading 5 unused Assets to reduce memory usage. Loaded Objects now: 1610.
Total: 1.558500 ms (FindLiveObjects: 0.171400 ms CreateObjectMapping: 0.027700 ms MarkObjects: 1.302500 ms  DeleteObjects: 0.055600 ms)

========================================================================
Received Import Request.
  Time since last request: 324.779923 seconds.
  path: Assets/Prefabs/Stone.prefab
  artifactKey: Guid(c797fa875f802284a9463011241d332a) Importer(815301076,1909f56bfc062723c751e8b465ee728b)
Start importing Assets/Prefabs/Stone.prefab using Guid(c797fa875f802284a9463011241d332a) Importer(815301076,1909f56bfc062723c751e8b465ee728b)  -> (artifact id: 'c6ef20ac34243ddebd06bc55eb258bdd') in 0.029110 seconds
  Import took 0.032212 seconds .

========================================================================
Received Import Request.
  Time since last request: 5.005270 seconds.
  path: Assets/Prefabs/Stone.prefab
  artifactKey: Guid(c797fa875f802284a9463011241d332a) Importer(815301076,1909f56bfc062723c751e8b465ee728b)
Start importing Assets/Prefabs/Stone.prefab using Guid(c797fa875f802284a9463011241d332a) Importer(815301076,1909f56bfc062723c751e8b465ee728b)  -> (artifact id: '8c01f7bda95c1b585f651d5fa3992ea5') in 0.058550 seconds
  Import took 0.060785 seconds .

========================================================================
Received Import Request.
  Time since last request: 0.004319 seconds.
  path: Assets/Prefabs/Stone.prefab
  artifactKey: Guid(c797fa875f802284a9463011241d332a) Importer(815301076,1909f56bfc062723c751e8b465ee728b)
Start importing Assets/Prefabs/Stone.prefab using Guid(c797fa875f802284a9463011241d332a) Importer(815301076,1909f56bfc062723c751e8b465ee728b)  -> (artifact id: '8c01f7bda95c1b585f651d5fa3992ea5') in 0.008992 seconds
  Import took 0.010953 seconds .

========================================================================
Received Import Request.
  Time since last request: 65.106953 seconds.
  path: Assets/Materials/Stone.mat
  artifactKey: Guid(cfdc69eb95957d443b0744124c3cc9f3) Importer(815301076,1909f56bfc062723c751e8b465ee728b)
Start importing Assets/Materials/Stone.mat using Guid(cfdc69eb95957d443b0744124c3cc9f3) Importer(815301076,1909f56bfc062723c751e8b465ee728b)  -> (artifact id: '0b4cbf24b574f8f9587a9c7ea93f897f') in 0.341203 seconds
  Import took 0.343333 seconds .

AssetImportWorkerClient::OnTransportError - code=2 error=End of file
